<?xml version="1.0" encoding="UTF-8"?>
<!-- Generated by org.testng.reporters.JUnitXMLReporter -->
<testsuite ignored="0" hostname="DESKTOP-0RDF39L" failures="0" tests="4" name="Test" time="56.392" errors="0" timestamp="2024-01-26T15:46:34 CET">
  <testcase classname="com.policy.tests.FilterFunctionalityTest" name="filterFunctionality" time="14.329"/>
  <testcase classname="com.policy.tests.SortingFunctionalityTest" name="listingFunctionalty" time="8.102"/>
  <testcase classname="com.policy.tests.CreateInsuranceTest" name="createInsurance" time="20.248"/>
  <testcase classname="com.policy.tests.CreateMultipeInsurancesTest" name="createMultipleInsurances" time="3.528"/>
</testsuite> <!-- Test -->
