<?xml version="1.0" encoding="UTF-8"?>
<testng-results ignored="0" total="1" passed="1" failed="0" skipped="0">
  <reporter-output>
  </reporter-output>
  <suite started-at="2024-01-26T17:11:17 CET" name="Default suite" finished-at="2024-01-26T17:11:33 CET" duration-ms="16764">
    <groups>
    </groups>
    <test started-at="2024-01-26T17:11:17 CET" name="Default test" finished-at="2024-01-26T17:11:33 CET" duration-ms="16764">
      <class name="com.policy.tests.FilterFunctionalityTest">
        <test-method is-config="true" signature="setUp()[pri:0, instance:com.policy.tests.FilterFunctionalityTest@3b6d844d]" started-at="2024-01-26T17:11:17 CET" name="setUp" finished-at="2024-01-26T17:11:19 CET" duration-ms="2831" status="PASS">
          <reporter-output>
          </reporter-output>
        </test-method> <!-- setUp -->
        <test-method signature="filterFunctionality()[pri:0, instance:com.policy.tests.FilterFunctionalityTest@3b6d844d]" started-at="2024-01-26T17:11:19 CET" name="filterFunctionality" finished-at="2024-01-26T17:11:33 CET" duration-ms="13881" status="PASS">
          <reporter-output>
          </reporter-output>
        </test-method> <!-- filterFunctionality -->
        <test-method is-config="true" signature="tearDown()[pri:0, instance:com.policy.tests.FilterFunctionalityTest@3b6d844d]" started-at="2024-01-26T17:11:33 CET" name="tearDown" finished-at="2024-01-26T17:11:33 CET" duration-ms="0" status="PASS">
          <reporter-output>
          </reporter-output>
        </test-method> <!-- tearDown -->
      </class> <!-- com.policy.tests.FilterFunctionalityTest -->
    </test> <!-- Default test -->
  </suite> <!-- Default suite -->
</testng-results>
